INFO: cmd_ln.c(691): Parsing command line:
gst-pocketsphinx \
	-samprate 8000 \
	-cmn prior \
	-fwdflat no \
	-bestpath no \
	-maxhmmpf 2000 \
	-maxwpf 20 

Current configuration:
[NAME]		[DEFLT]		[VALUE]
-agc		none		none
-agcthresh	2.0		2.000000e+00
-alpha		0.97		9.700000e-01
-ascale		20.0		2.000000e+01
-aw		1		1
-backtrace	no		no
-beam		1e-48		1.000000e-48
-bestpath	yes		no
-bestpathlw	9.5		9.500000e+00
-bghist		no		no
-ceplen		13		13
-cmn		current		prior
-cmninit	8.0		8.0
-compallsen	no		no
-debug				0
-dict				
-dictcase	no		no
-dither		no		no
-doublebw	no		no
-ds		1		1
-fdict				
-feat		1s_c_d_dd	1s_c_d_dd
-featparams			
-fillprob	1e-8		1.000000e-08
-frate		100		100
-fsg				
-fsgusealtpron	yes		yes
-fsgusefiller	yes		yes
-fwdflat	yes		no
-fwdflatbeam	1e-64		1.000000e-64
-fwdflatefwid	4		4
-fwdflatlw	8.5		8.500000e+00
-fwdflatsfwin	25		25
-fwdflatwbeam	7e-29		7.000000e-29
-fwdtree	yes		yes
-hmm				
-input_endian	little		little
-jsgf				
-kdmaxbbi	-1		-1
-kdmaxdepth	0		0
-kdtree				
-latsize	5000		5000
-lda				
-ldadim		0		0
-lextreedump	0		0
-lifter		0		0
-lm				
-lmctl				
-lmname		default		default
-logbase	1.0001		1.000100e+00
-logfn				
-logspec	no		no
-lowerf		133.33334	1.333333e+02
-lpbeam		1e-40		1.000000e-40
-lponlybeam	7e-29		7.000000e-29
-lw		6.5		6.500000e+00
-maxhmmpf	-1		2000
-maxnewoov	20		20
-maxwpf		-1		20
-mdef				
-mean				
-mfclogdir			
-min_endfr	0		0
-mixw				
-mixwfloor	0.0000001	1.000000e-07
-mllr				
-mmap		yes		yes
-ncep		13		13
-nfft		512		512
-nfilt		40		40
-nwpen		1.0		1.000000e+00
-pbeam		1e-48		1.000000e-48
-pip		1.0		1.000000e+00
-pl_beam	1e-10		1.000000e-10
-pl_pbeam	1e-5		1.000000e-05
-pl_window	0		0
-rawlogdir			
-remove_dc	no		no
-round_filters	yes		yes
-samprate	16000		8.000000e+03
-seed		-1		-1
-sendump			
-senlogdir			
-senmgau			
-silprob	0.005		5.000000e-03
-smoothspec	no		no
-svspec				
-tmat				
-tmatfloor	0.0001		1.000000e-04
-topn		4		4
-topn_beam	0		0
-toprule			
-transform	legacy		legacy
-unit_area	yes		yes
-upperf		6855.4976	6.855498e+03
-usewdphones	no		no
-uw		1.0		1.000000e+00
-var				
-varfloor	0.0001		1.000000e-04
-varnorm	no		no
-verbose	no		no
-warp_params			
-warp_type	inverse_linear	inverse_linear
-wbeam		7e-29		7.000000e-29
-wip		0.65		6.500000e-01
-wlen		0.025625	2.562500e-02

INFO: cmd_ln.c(691): Parsing command line:
\
	-nfilt 20 \
	-lowerf 1 \
	-upperf 4000 \
	-wlen 0.025 \
	-transform dct \
	-round_filters no \
	-remove_dc yes \
	-svspec 0-12/13-25/26-38 \
	-feat 1s_c_d_dd \
	-agc none \
	-cmn current \
	-cmninit 56,-3,1 \
	-varnorm no 

Current configuration:
[NAME]		[DEFLT]		[VALUE]
-agc		none		none
-agcthresh	2.0		2.000000e+00
-alpha		0.97		9.700000e-01
-ceplen		13		13
-cmn		current		current
-cmninit	8.0		56,-3,1
-dither		no		no
-doublebw	no		no
-feat		1s_c_d_dd	1s_c_d_dd
-frate		100		100
-input_endian	little		little
-lda				
-ldadim		0		0
-lifter		0		0
-logspec	no		no
-lowerf		133.33334	1.000000e+00
-ncep		13		13
-nfft		512		512
-nfilt		40		20
-remove_dc	no		yes
-round_filters	yes		no
-samprate	16000		8.000000e+03
-seed		-1		-1
-smoothspec	no		no
-svspec				0-12/13-25/26-38
-transform	legacy		dct
-unit_area	yes		yes
-upperf		6855.4976	4.000000e+03
-varnorm	no		no
-verbose	no		no
-warp_params			
-warp_type	inverse_linear	inverse_linear
-wlen		0.025625	2.500000e-02

INFO: acmod.c(246): Parsed model-specific feature parameters from /usr/share/pocketsphinx/model/hmm/en_US/hub4wsj_sc_8k/feat.params
INFO: feat.c(713): Initializing feature stream to type: '1s_c_d_dd', ceplen=13, CMN='current', VARNORM='no', AGC='none'
INFO: cmn.c(142): mean[0]= 12.00, mean[1..12]= 0.0
INFO: acmod.c(167): Using subvector specification 0-12/13-25/26-38
INFO: mdef.c(517): Reading model definition: /usr/share/pocketsphinx/model/hmm/en_US/hub4wsj_sc_8k/mdef
INFO: mdef.c(528): Found byte-order mark BMDF, assuming this is a binary mdef file
INFO: bin_mdef.c(336): Reading binary model definition: /usr/share/pocketsphinx/model/hmm/en_US/hub4wsj_sc_8k/mdef
INFO: bin_mdef.c(513): 50 CI-phone, 143047 CD-phone, 3 emitstate/phone, 150 CI-sen, 5150 Sen, 27135 Sen-Seq
INFO: tmat.c(205): Reading HMM transition probability matrices: /usr/share/pocketsphinx/model/hmm/en_US/hub4wsj_sc_8k/transition_matrices
INFO: acmod.c(121): Attempting to use SCHMM computation module
INFO: ms_gauden.c(198): Reading mixture gaussian parameter: /usr/share/pocketsphinx/model/hmm/en_US/hub4wsj_sc_8k/means
INFO: ms_gauden.c(292): 1 codebook, 3 feature, size: 
INFO: ms_gauden.c(294):  256x13
INFO: ms_gauden.c(294):  256x13
INFO: ms_gauden.c(294):  256x13
INFO: ms_gauden.c(198): Reading mixture gaussian parameter: /usr/share/pocketsphinx/model/hmm/en_US/hub4wsj_sc_8k/variances
INFO: ms_gauden.c(292): 1 codebook, 3 feature, size: 
INFO: ms_gauden.c(294):  256x13
INFO: ms_gauden.c(294):  256x13
INFO: ms_gauden.c(294):  256x13
INFO: ms_gauden.c(354): 0 variance values floored
INFO: s2_semi_mgau.c(903): Loading senones from dump file /usr/share/pocketsphinx/model/hmm/en_US/hub4wsj_sc_8k/sendump
INFO: s2_semi_mgau.c(927): BEGIN FILE FORMAT DESCRIPTION
INFO: s2_semi_mgau.c(1022): Using memory-mapped I/O for senones
INFO: s2_semi_mgau.c(1296): Maximum top-N: 4 Top-N beams: 0 0 0
INFO: dict.c(317): Allocating 137543 * 32 bytes (4298 KiB) for word entries
INFO: dict.c(332): Reading main dictionary: /usr/share/pocketsphinx/model/lm/en_US/cmu07a.dic
INFO: dict.c(211): Allocated 1010 KiB for strings, 1664 KiB for phones
INFO: dict.c(335): 133436 words read
INFO: dict.c(341): Reading filler dictionary: /usr/share/pocketsphinx/model/hmm/en_US/hub4wsj_sc_8k/noisedict
INFO: dict.c(211): Allocated 0 KiB for strings, 0 KiB for phones
INFO: dict.c(344): 11 words read
INFO: dict2pid.c(396): Building PID tables for dictionary
INFO: dict2pid.c(404): Allocating 50^3 * 2 bytes (244 KiB) for word-initial triphones
INFO: dict2pid.c(131): Allocated 60400 bytes (58 KiB) for word-final triphones
INFO: dict2pid.c(195): Allocated 60400 bytes (58 KiB) for single-phone word triphones
INFO: ngram_model_arpa.c(77): No \data\ mark in LM file
INFO: ngram_model_dmp.c(142): Will use memory-mapped I/O for LM file
INFO: ngram_model_dmp.c(196): ngrams 1=5001, 2=436879, 3=418286
INFO: ngram_model_dmp.c(242):     5001 = LM.unigrams(+trailer) read
INFO: ngram_model_dmp.c(288):   436879 = LM.bigrams(+trailer) read
INFO: ngram_model_dmp.c(314):   418286 = LM.trigrams read
INFO: ngram_model_dmp.c(339):    37293 = LM.prob2 entries read
INFO: ngram_model_dmp.c(359):    14370 = LM.bo_wt2 entries read
INFO: ngram_model_dmp.c(379):    36094 = LM.prob3 entries read
INFO: ngram_model_dmp.c(407):      854 = LM.tseg_base entries read
INFO: ngram_model_dmp.c(463):     5001 = ascii word strings read
INFO: ngram_search_fwdtree.c(99): 788 unique initial diphones
INFO: ngram_search_fwdtree.c(147): 0 root, 0 non-root channels, 60 single-phone words
INFO: ngram_search_fwdtree.c(186): Creating search tree
INFO: ngram_search_fwdtree.c(191): before: 0 root, 0 non-root channels, 60 single-phone words
INFO: ngram_search_fwdtree.c(326): after: max nonroot chan increased to 13428
INFO: ngram_search_fwdtree.c(338): after: 457 root, 13300 non-root channels, 26 single-phone words
INFO: ngram_model_arpa.c(477): ngrams 1=14, 2=22, 3=28
INFO: ngram_model_arpa.c(135): Reading unigrams
INFO: ngram_model_arpa.c(516):       14 = #unigrams created
INFO: ngram_model_arpa.c(195): Reading bigrams
INFO: ngram_model_arpa.c(533):       22 = #bigrams created
INFO: ngram_model_arpa.c(534):       13 = #prob2 entries
INFO: ngram_model_arpa.c(542):        5 = #bo_wt2 entries
INFO: ngram_model_arpa.c(292): Reading trigrams
INFO: ngram_model_arpa.c(555):       28 = #trigrams created
INFO: ngram_model_arpa.c(556):        8 = #prob3 entries
INFO: ngram_search_fwdtree.c(99): 788 unique initial diphones
INFO: ngram_search_fwdtree.c(147): 0 root, 0 non-root channels, 60 single-phone words
INFO: ngram_search_fwdtree.c(186): Creating search tree
INFO: ngram_search_fwdtree.c(191): before: 0 root, 0 non-root channels, 60 single-phone words
INFO: ngram_search_fwdtree.c(338): after: 457 root, 13300 non-root channels, 26 single-phone words
INFO: ngram_search_fwdtree.c(430): TOTAL fwdtree 0.00 CPU -nan xRT
INFO: ngram_search_fwdtree.c(433): TOTAL fwdtree 0.00 wall -nan xRT
INFO: cmd_ln.c(691): Parsing command line:
\
	-nfilt 20 \
	-lowerf 1 \
	-upperf 4000 \
	-wlen 0.025 \
	-transform dct \
	-round_filters no \
	-remove_dc yes \
	-svspec 0-12/13-25/26-38 \
	-feat 1s_c_d_dd \
	-agc none \
	-cmn current \
	-cmninit 56,-3,1 \
	-varnorm no 

Current configuration:
[NAME]		[DEFLT]		[VALUE]
-agc		none		none
-agcthresh	2.0		2.000000e+00
-alpha		0.97		9.700000e-01
-ceplen		13		13
-cmn		current		current
-cmninit	8.0		56,-3,1
-dither		no		no
-doublebw	no		no
-feat		1s_c_d_dd	1s_c_d_dd
-frate		100		100
-input_endian	little		little
-lda				
-ldadim		0		0
-lifter		0		0
-logspec	no		no
-lowerf		133.33334	1.000000e+00
-ncep		13		13
-nfft		512		512
-nfilt		40		20
-remove_dc	no		yes
-round_filters	yes		no
-samprate	16000		8.000000e+03
-seed		-1		-1
-smoothspec	no		no
-svspec				0-12/13-25/26-38
-transform	legacy		dct
-unit_area	yes		yes
-upperf		6855.4976	4.000000e+03
-varnorm	no		no
-verbose	no		no
-warp_params			
-warp_type	inverse_linear	inverse_linear
-wlen		0.025625	2.500000e-02

INFO: acmod.c(246): Parsed model-specific feature parameters from /usr/share/pocketsphinx/model/hmm/en_US/hub4wsj_sc_8k/feat.params
INFO: feat.c(713): Initializing feature stream to type: '1s_c_d_dd', ceplen=13, CMN='current', VARNORM='no', AGC='none'
INFO: cmn.c(142): mean[0]= 12.00, mean[1..12]= 0.0
INFO: acmod.c(167): Using subvector specification 0-12/13-25/26-38
INFO: mdef.c(517): Reading model definition: /usr/share/pocketsphinx/model/hmm/en_US/hub4wsj_sc_8k/mdef
INFO: mdef.c(528): Found byte-order mark BMDF, assuming this is a binary mdef file
INFO: bin_mdef.c(336): Reading binary model definition: /usr/share/pocketsphinx/model/hmm/en_US/hub4wsj_sc_8k/mdef
INFO: bin_mdef.c(513): 50 CI-phone, 143047 CD-phone, 3 emitstate/phone, 150 CI-sen, 5150 Sen, 27135 Sen-Seq
INFO: tmat.c(205): Reading HMM transition probability matrices: /usr/share/pocketsphinx/model/hmm/en_US/hub4wsj_sc_8k/transition_matrices
INFO: acmod.c(121): Attempting to use SCHMM computation module
INFO: ms_gauden.c(198): Reading mixture gaussian parameter: /usr/share/pocketsphinx/model/hmm/en_US/hub4wsj_sc_8k/means
INFO: ms_gauden.c(292): 1 codebook, 3 feature, size: 
INFO: ms_gauden.c(294):  256x13
INFO: ms_gauden.c(294):  256x13
INFO: ms_gauden.c(294):  256x13
INFO: ms_gauden.c(198): Reading mixture gaussian parameter: /usr/share/pocketsphinx/model/hmm/en_US/hub4wsj_sc_8k/variances
INFO: ms_gauden.c(292): 1 codebook, 3 feature, size: 
INFO: ms_gauden.c(294):  256x13
INFO: ms_gauden.c(294):  256x13
INFO: ms_gauden.c(294):  256x13
INFO: ms_gauden.c(354): 0 variance values floored
INFO: s2_semi_mgau.c(903): Loading senones from dump file /usr/share/pocketsphinx/model/hmm/en_US/hub4wsj_sc_8k/sendump
INFO: s2_semi_mgau.c(927): BEGIN FILE FORMAT DESCRIPTION
INFO: s2_semi_mgau.c(1022): Using memory-mapped I/O for senones
INFO: s2_semi_mgau.c(1296): Maximum top-N: 4 Top-N beams: 0 0 0
INFO: dict.c(317): Allocating 4123 * 32 bytes (128 KiB) for word entries
INFO: dict.c(332): Reading main dictionary: /home/bgumodo2/catkin_ws/src/bgumodo-dev/bgumodo_speech/dict/cmd.dic
ERROR: "dict.c", line 183: Line 1: No pronunciation for word '----------'; ignored
INFO: dict.c(211): Allocated 0 KiB for strings, 0 KiB for phones
INFO: dict.c(335): 15 words read
INFO: dict.c(341): Reading filler dictionary: /usr/share/pocketsphinx/model/hmm/en_US/hub4wsj_sc_8k/noisedict
INFO: dict.c(211): Allocated 0 KiB for strings, 0 KiB for phones
INFO: dict.c(344): 11 words read
INFO: dict2pid.c(396): Building PID tables for dictionary
INFO: dict2pid.c(404): Allocating 50^3 * 2 bytes (244 KiB) for word-initial triphones
INFO: dict2pid.c(131): Allocated 60400 bytes (58 KiB) for word-final triphones
INFO: dict2pid.c(195): Allocated 60400 bytes (58 KiB) for single-phone word triphones
INFO: ngram_model_arpa.c(477): ngrams 1=14, 2=22, 3=28
INFO: ngram_model_arpa.c(135): Reading unigrams
INFO: ngram_model_arpa.c(516):       14 = #unigrams created
INFO: ngram_model_arpa.c(195): Reading bigrams
INFO: ngram_model_arpa.c(533):       22 = #bigrams created
INFO: ngram_model_arpa.c(534):       13 = #prob2 entries
INFO: ngram_model_arpa.c(542):        5 = #bo_wt2 entries
INFO: ngram_model_arpa.c(292): Reading trigrams
INFO: ngram_model_arpa.c(555):       28 = #trigrams created
INFO: ngram_model_arpa.c(556):        8 = #prob3 entries
INFO: ngram_search_fwdtree.c(99): 11 unique initial diphones
INFO: ngram_search_fwdtree.c(147): 0 root, 0 non-root channels, 14 single-phone words
INFO: ngram_search_fwdtree.c(186): Creating search tree
INFO: ngram_search_fwdtree.c(191): before: 0 root, 0 non-root channels, 14 single-phone words
INFO: ngram_search_fwdtree.c(326): after: max nonroot chan increased to 150
INFO: ngram_search_fwdtree.c(338): after: 11 root, 22 non-root channels, 13 single-phone words
/home/bgumodo2/catkin_ws/src/bgumodo-dev/bgumodo_speech/scripts/recognizer.py:76: SyntaxWarning: The publisher should be created with an explicit keyword argument 'queue_size'. Please see http://wiki.ros.org/rospy/Overview/Publishers%20and%20Subscribers for more information.
  self.pub = rospy.Publisher('~output', String)
INFO: cmn_prior.c(121): cmn_prior_update: from < 56.00 -3.00  1.00  0.00  0.00  0.00  0.00  0.00  0.00  0.00  0.00  0.00  0.00 >
INFO: cmn_prior.c(139): cmn_prior_update: to   < 51.17 -2.10 -1.73  0.51 -0.98  0.77 -0.58  0.59 -0.34  0.30 -0.42  0.08 -0.20 >
INFO: ngram_search_fwdtree.c(1549):     2346 words recognized (12/fr)
INFO: ngram_search_fwdtree.c(1551):    35275 senones evaluated (181/fr)
INFO: ngram_search_fwdtree.c(1553):    17139 channels searched (87/fr), 2101 1st, 11627 last
INFO: ngram_search_fwdtree.c(1557):     2782 words for which last channels evaluated (14/fr)
INFO: ngram_search_fwdtree.c(1560):     1256 candidate words for entering last phone (6/fr)
INFO: ngram_search_fwdtree.c(1562): fwdtree 0.18 CPU 0.092 xRT
INFO: ngram_search_fwdtree.c(1565): fwdtree 1.45 wall 0.744 xRT
INFO: ngram_search_fwdtree.c(1549):     2123 words recognized (10/fr)
INFO: ngram_search_fwdtree.c(1551):    38164 senones evaluated (177/fr)
INFO: ngram_search_fwdtree.c(1553):    21163 channels searched (97/fr), 2225 1st, 15679 last
INFO: ngram_search_fwdtree.c(1557):     3018 words for which last channels evaluated (13/fr)
INFO: ngram_search_fwdtree.c(1560):     1105 candidate words for entering last phone (5/fr)
INFO: ngram_search_fwdtree.c(1562): fwdtree 0.22 CPU 0.102 xRT
INFO: ngram_search_fwdtree.c(1565): fwdtree 1.70 wall 0.787 xRT
INFO: cmn_prior.c(121): cmn_prior_update: from < 51.17 -2.10 -1.73  0.51 -0.98  0.77 -0.58  0.59 -0.34  0.30 -0.42  0.08 -0.20 >
INFO: cmn_prior.c(139): cmn_prior_update: to   < 54.44 -1.09 -1.31  0.48 -0.90  0.56 -0.74  0.45 -0.33  0.23 -0.34 -0.02 -0.14 >
INFO: ngram_search_fwdtree.c(1549):     2376 words recognized (12/fr)
INFO: ngram_search_fwdtree.c(1551):    39584 senones evaluated (204/fr)
INFO: ngram_search_fwdtree.c(1553):    21059 channels searched (108/fr), 2090 1st, 15478 last
INFO: ngram_search_fwdtree.c(1557):     2928 words for which last channels evaluated (15/fr)
INFO: ngram_search_fwdtree.c(1560):     1351 candidate words for entering last phone (6/fr)
INFO: ngram_search_fwdtree.c(1562): fwdtree 0.19 CPU 0.099 xRT
INFO: ngram_search_fwdtree.c(1565): fwdtree 1.44 wall 0.743 xRT
INFO: cmn_prior.c(121): cmn_prior_update: from < 54.44 -1.09 -1.31  0.48 -0.90  0.56 -0.74  0.45 -0.33  0.23 -0.34 -0.02 -0.14 >
INFO: cmn_prior.c(139): cmn_prior_update: to   < 53.61 -1.32 -1.44  0.48 -0.92  0.56 -0.72  0.47 -0.32  0.26 -0.31  0.03 -0.15 >
INFO: ngram_search_fwdtree.c(1549):     1088 words recognized (11/fr)
INFO: ngram_search_fwdtree.c(1551):    11993 senones evaluated (116/fr)
INFO: ngram_search_fwdtree.c(1553):     4745 channels searched (46/fr), 1089 1st, 2097 last
INFO: ngram_search_fwdtree.c(1557):     1323 words for which last channels evaluated (12/fr)
INFO: ngram_search_fwdtree.c(1560):      433 candidate words for entering last phone (4/fr)
INFO: ngram_search_fwdtree.c(1562): fwdtree 0.05 CPU 0.050 xRT
INFO: ngram_search_fwdtree.c(1565): fwdtree 0.53 wall 0.514 xRT
INFO: cmn_prior.c(121): cmn_prior_update: from < 53.36 -1.39 -1.53  0.42 -1.05  0.48 -0.69  0.51 -0.31  0.31 -0.30 -0.02 -0.18 >
INFO: cmn_prior.c(139): cmn_prior_update: to   < 53.15 -1.61 -1.70  0.34 -1.23  0.44 -0.63  0.52 -0.32  0.34 -0.32  0.01 -0.13 >
INFO: ngram_search_fwdtree.c(1549):     2059 words recognized (12/fr)
INFO: ngram_search_fwdtree.c(1551):    31039 senones evaluated (185/fr)
INFO: ngram_search_fwdtree.c(1553):    15776 channels searched (93/fr), 1804 1st, 11098 last
INFO: ngram_search_fwdtree.c(1557):     2414 words for which last channels evaluated (14/fr)
INFO: ngram_search_fwdtree.c(1560):     1010 candidate words for entering last phone (6/fr)
INFO: ngram_search_fwdtree.c(1562): fwdtree 0.12 CPU 0.071 xRT
INFO: ngram_search_fwdtree.c(1565): fwdtree 1.18 wall 0.702 xRT
INFO: cmn_prior.c(121): cmn_prior_update: from < 53.15 -1.61 -1.70  0.34 -1.23  0.44 -0.63  0.52 -0.32  0.34 -0.32  0.01 -0.13 >
INFO: cmn_prior.c(139): cmn_prior_update: to   < 52.63 -1.80 -1.76  0.35 -1.17  0.45 -0.63  0.52 -0.34  0.34 -0.32  0.04 -0.15 >
INFO: ngram_search_fwdtree.c(1549):     1019 words recognized (10/fr)
INFO: ngram_search_fwdtree.c(1551):    11359 senones evaluated (115/fr)
INFO: ngram_search_fwdtree.c(1553):     4470 channels searched (45/fr), 1045 1st, 1949 last
INFO: ngram_search_fwdtree.c(1557):     1265 words for which last channels evaluated (12/fr)
INFO: ngram_search_fwdtree.c(1560):      388 candidate words for entering last phone (3/fr)
INFO: ngram_search_fwdtree.c(1562): fwdtree 0.05 CPU 0.053 xRT
INFO: ngram_search_fwdtree.c(1565): fwdtree 0.54 wall 0.547 xRT
INFO: ngram_search_fwdtree.c(1549):     2094 words recognized (11/fr)
INFO: ngram_search_fwdtree.c(1551):    30295 senones evaluated (161/fr)
INFO: ngram_search_fwdtree.c(1553):    14052 channels searched (74/fr), 2024 1st, 8845 last
INFO: ngram_search_fwdtree.c(1557):     2545 words for which last channels evaluated (13/fr)
INFO: ngram_search_fwdtree.c(1560):     1038 candidate words for entering last phone (5/fr)
INFO: ngram_search_fwdtree.c(1562): fwdtree 0.15 CPU 0.079 xRT
INFO: ngram_search_fwdtree.c(1565): fwdtree 1.42 wall 0.756 xRT
INFO: cmn_prior.c(121): cmn_prior_update: from < 52.37 -1.99 -1.97  0.21 -1.17  0.43 -0.64  0.53 -0.37  0.32 -0.30  0.08 -0.14 >
INFO: cmn_prior.c(139): cmn_prior_update: to   < 51.29 -2.45 -2.18  0.26 -1.12  0.49 -0.62  0.50 -0.35  0.37 -0.27  0.14 -0.13 >
INFO: ngram_search_fwdtree.c(1549):     2470 words recognized (11/fr)
INFO: ngram_search_fwdtree.c(1551):    34815 senones evaluated (156/fr)
INFO: ngram_search_fwdtree.c(1553):    15981 channels searched (71/fr), 2409 1st, 9935 last
INFO: ngram_search_fwdtree.c(1557):     3133 words for which last channels evaluated (14/fr)
INFO: ngram_search_fwdtree.c(1560):     1123 candidate words for entering last phone (5/fr)
INFO: ngram_search_fwdtree.c(1562): fwdtree 0.17 CPU 0.077 xRT
INFO: ngram_search_fwdtree.c(1565): fwdtree 1.73 wall 0.775 xRT
INFO: ngram_search_fwdtree.c(1549):     2003 words recognized (12/fr)
INFO: ngram_search_fwdtree.c(1551):    26929 senones evaluated (155/fr)
INFO: ngram_search_fwdtree.c(1553):    12362 channels searched (71/fr), 1870 1st, 7667 last
INFO: ngram_search_fwdtree.c(1557):     2425 words for which last channels evaluated (13/fr)
INFO: ngram_search_fwdtree.c(1560):      870 candidate words for entering last phone (5/fr)
INFO: ngram_search_fwdtree.c(1562): fwdtree 0.13 CPU 0.074 xRT
INFO: ngram_search_fwdtree.c(1565): fwdtree 1.28 wall 0.735 xRT
INFO: ngram_search_fwdtree.c(1549):     1099 words recognized (10/fr)
INFO: ngram_search_fwdtree.c(1551):    12198 senones evaluated (116/fr)
INFO: ngram_search_fwdtree.c(1553):     4796 channels searched (45/fr), 1111 1st, 2080 last
INFO: ngram_search_fwdtree.c(1557):     1346 words for which last channels evaluated (12/fr)
INFO: ngram_search_fwdtree.c(1560):      444 candidate words for entering last phone (4/fr)
INFO: ngram_search_fwdtree.c(1562): fwdtree 0.06 CPU 0.061 xRT
INFO: ngram_search_fwdtree.c(1565): fwdtree 0.59 wall 0.562 xRT
INFO: ngram_search_fwdtree.c(1549):     1001 words recognized (10/fr)
INFO: ngram_search_fwdtree.c(1551):    10808 senones evaluated (110/fr)
INFO: ngram_search_fwdtree.c(1553):     4144 channels searched (42/fr), 1034 1st, 1682 last
INFO: ngram_search_fwdtree.c(1557):     1242 words for which last channels evaluated (12/fr)
INFO: ngram_search_fwdtree.c(1560):      373 candidate words for entering last phone (3/fr)
INFO: ngram_search_fwdtree.c(1562): fwdtree 0.05 CPU 0.053 xRT
INFO: ngram_search_fwdtree.c(1565): fwdtree 0.52 wall 0.530 xRT
INFO: cmn_prior.c(121): cmn_prior_update: from < 50.46 -2.74 -2.22  0.30 -1.06  0.56 -0.61  0.49 -0.39  0.36 -0.28  0.17 -0.12 >
INFO: cmn_prior.c(139): cmn_prior_update: to   < 50.08 -2.77 -2.18  0.37 -1.03  0.61 -0.63  0.47 -0.39  0.37 -0.26  0.20 -0.13 >
INFO: ngram_search_fwdtree.c(1549):     2326 words recognized (12/fr)
INFO: ngram_search_fwdtree.c(1551):    34397 senones evaluated (175/fr)
INFO: ngram_search_fwdtree.c(1553):    16760 channels searched (85/fr), 2112 1st, 11320 last
INFO: ngram_search_fwdtree.c(1557):     2840 words for which last channels evaluated (14/fr)
INFO: ngram_search_fwdtree.c(1560):     1051 candidate words for entering last phone (5/fr)
INFO: ngram_search_fwdtree.c(1562): fwdtree 0.14 CPU 0.071 xRT
INFO: ngram_search_fwdtree.c(1565): fwdtree 1.46 wall 0.745 xRT
INFO: cmn_prior.c(121): cmn_prior_update: from < 49.98 -2.76 -2.19  0.36 -1.05  0.62 -0.63  0.47 -0.38  0.38 -0.26  0.20 -0.12 >
INFO: cmn_prior.c(139): cmn_prior_update: to   < 49.79 -2.76 -2.19  0.38 -1.04  0.63 -0.62  0.46 -0.39  0.38 -0.26  0.20 -0.12 >
INFO: ngram_search_fwdtree.c(1549):      948 words recognized (10/fr)
INFO: ngram_search_fwdtree.c(1551):    10485 senones evaluated (115/fr)
INFO: ngram_search_fwdtree.c(1553):     4145 channels searched (45/fr), 957 1st, 1813 last
INFO: ngram_search_fwdtree.c(1557):     1159 words for which last channels evaluated (12/fr)
INFO: ngram_search_fwdtree.c(1560):      375 candidate words for entering last phone (4/fr)
INFO: ngram_search_fwdtree.c(1562): fwdtree 0.05 CPU 0.057 xRT
INFO: ngram_search_fwdtree.c(1565): fwdtree 0.53 wall 0.583 xRT
INFO: ngram_search_fwdtree.c(1549):     1249 words recognized (12/fr)
INFO: ngram_search_fwdtree.c(1551):    17939 senones evaluated (174/fr)
INFO: ngram_search_fwdtree.c(1553):     9197 channels searched (89/fr), 1089 1st, 6429 last
INFO: ngram_search_fwdtree.c(1557):     1501 words for which last channels evaluated (14/fr)
INFO: ngram_search_fwdtree.c(1560):      536 candidate words for entering last phone (5/fr)
INFO: ngram_search_fwdtree.c(1562): fwdtree 0.06 CPU 0.062 xRT
INFO: ngram_search_fwdtree.c(1565): fwdtree 0.57 wall 0.554 xRT
INFO: cmn_prior.c(121): cmn_prior_update: from < 49.79 -2.76 -2.19  0.38 -1.04  0.63 -0.62  0.46 -0.39  0.38 -0.26  0.20 -0.12 >
INFO: cmn_prior.c(139): cmn_prior_update: to   < 49.52 -2.71 -2.13  0.44 -1.03  0.66 -0.65  0.45 -0.38  0.36 -0.25  0.19 -0.15 >
INFO: ngram_search_fwdtree.c(1549):     1123 words recognized (11/fr)
INFO: ngram_search_fwdtree.c(1551):    13089 senones evaluated (126/fr)
INFO: ngram_search_fwdtree.c(1553):     5447 channels searched (52/fr), 1100 1st, 2715 last
INFO: ngram_search_fwdtree.c(1557):     1355 words for which last channels evaluated (13/fr)
INFO: ngram_search_fwdtree.c(1560):      469 candidate words for entering last phone (4/fr)
INFO: ngram_search_fwdtree.c(1562): fwdtree 0.05 CPU 0.050 xRT
INFO: ngram_search_fwdtree.c(1565): fwdtree 0.54 wall 0.519 xRT
INFO: ngram_search_fwdtree.c(1549):     1469 words recognized (12/fr)
INFO: ngram_search_fwdtree.c(1551):    22275 senones evaluated (177/fr)
INFO: ngram_search_fwdtree.c(1553):    10855 channels searched (86/fr), 1342 1st, 7362 last
INFO: ngram_search_fwdtree.c(1557):     1814 words for which last channels evaluated (14/fr)
INFO: ngram_search_fwdtree.c(1560):      714 candidate words for entering last phone (5/fr)
INFO: ngram_search_fwdtree.c(1562): fwdtree 0.08 CPU 0.063 xRT
INFO: ngram_search_fwdtree.c(1565): fwdtree 0.80 wall 0.636 xRT
INFO: ngram_search_fwdtree.c(1549):     1310 words recognized (12/fr)
INFO: ngram_search_fwdtree.c(1551):    18291 senones evaluated (165/fr)
INFO: ngram_search_fwdtree.c(1553):     9375 channels searched (84/fr), 1177 1st, 6342 last
INFO: ngram_search_fwdtree.c(1557):     1584 words for which last channels evaluated (14/fr)
INFO: ngram_search_fwdtree.c(1560):      599 candidate words for entering last phone (5/fr)
INFO: ngram_search_fwdtree.c(1562): fwdtree 0.07 CPU 0.061 xRT
INFO: ngram_search_fwdtree.c(1565): fwdtree 0.65 wall 0.584 xRT
INFO: ngram_search_fwdtree.c(1549):     1106 words recognized (11/fr)
INFO: ngram_search_fwdtree.c(1551):    12176 senones evaluated (117/fr)
INFO: ngram_search_fwdtree.c(1553):     4840 channels searched (46/fr), 1100 1st, 2152 last
INFO: ngram_search_fwdtree.c(1557):     1334 words for which last channels evaluated (12/fr)
INFO: ngram_search_fwdtree.c(1560):      450 candidate words for entering last phone (4/fr)
INFO: ngram_search_fwdtree.c(1562): fwdtree 0.06 CPU 0.058 xRT
INFO: ngram_search_fwdtree.c(1565): fwdtree 0.58 wall 0.555 xRT
INFO: cmn_prior.c(121): cmn_prior_update: from < 49.30 -2.63 -2.14  0.47 -1.03  0.62 -0.65  0.45 -0.41  0.39 -0.19  0.22 -0.15 >
INFO: cmn_prior.c(139): cmn_prior_update: to   < 49.76 -2.49 -2.18  0.48 -0.99  0.59 -0.64  0.43 -0.44  0.35 -0.22  0.22 -0.17 >
INFO: ngram_search_fwdtree.c(1549):     1881 words recognized (12/fr)
INFO: ngram_search_fwdtree.c(1551):    28867 senones evaluated (182/fr)
INFO: ngram_search_fwdtree.c(1553):    14501 channels searched (91/fr), 1705 1st, 10027 last
INFO: ngram_search_fwdtree.c(1557):     2272 words for which last channels evaluated (14/fr)
INFO: ngram_search_fwdtree.c(1560):     1018 candidate words for entering last phone (6/fr)
INFO: ngram_search_fwdtree.c(1562): fwdtree 0.11 CPU 0.070 xRT
INFO: ngram_search_fwdtree.c(1565): fwdtree 1.09 wall 0.685 xRT
INFO: cmn_prior.c(121): cmn_prior_update: from < 49.76 -2.49 -2.18  0.48 -0.99  0.59 -0.64  0.43 -0.44  0.35 -0.22  0.22 -0.17 >
INFO: cmn_prior.c(139): cmn_prior_update: to   < 50.20 -2.44 -2.22  0.53 -0.96  0.58 -0.66  0.41 -0.46  0.33 -0.24  0.22 -0.16 >
INFO: ngram_search_fwdtree.c(1549):     1039 words recognized (11/fr)
INFO: ngram_search_fwdtree.c(1551):    16876 senones evaluated (185/fr)
INFO: ngram_search_fwdtree.c(1553):     8544 channels searched (93/fr), 957 1st, 6019 last
INFO: ngram_search_fwdtree.c(1557):     1280 words for which last channels evaluated (14/fr)
INFO: ngram_search_fwdtree.c(1560):      622 candidate words for entering last phone (6/fr)
INFO: ngram_search_fwdtree.c(1562): fwdtree 0.08 CPU 0.092 xRT
INFO: ngram_search_fwdtree.c(1565): fwdtree 0.77 wall 0.850 xRT
INFO: cmn_prior.c(121): cmn_prior_update: from < 50.14 -2.46 -2.23  0.49 -0.98  0.58 -0.67  0.41 -0.45  0.33 -0.24  0.22 -0.16 >
INFO: cmn_prior.c(139): cmn_prior_update: to   < 50.18 -2.41 -2.13  0.48 -1.01  0.57 -0.69  0.39 -0.47  0.30 -0.28  0.20 -0.18 >
INFO: ngram_search_fwdtree.c(1549):     1529 words recognized (12/fr)
INFO: ngram_search_fwdtree.c(1551):    24265 senones evaluated (191/fr)
INFO: ngram_search_fwdtree.c(1553):    12324 channels searched (97/fr), 1353 1st, 8783 last
INFO: ngram_search_fwdtree.c(1557):     1833 words for which last channels evaluated (14/fr)
INFO: ngram_search_fwdtree.c(1560):      773 candidate words for entering last phone (6/fr)
INFO: ngram_search_fwdtree.c(1562): fwdtree 0.08 CPU 0.060 xRT
INFO: ngram_search_fwdtree.c(1565): fwdtree 0.77 wall 0.607 xRT
INFO: cmn_prior.c(121): cmn_prior_update: from < 50.18 -2.41 -2.13  0.48 -1.01  0.57 -0.69  0.39 -0.47  0.30 -0.28  0.20 -0.18 >
INFO: cmn_prior.c(139): cmn_prior_update: to   < 50.67 -2.40 -2.28  0.51 -1.02  0.58 -0.69  0.39 -0.50  0.27 -0.28  0.20 -0.19 >
INFO: ngram_search_fwdtree.c(1549):     1454 words recognized (11/fr)
INFO: ngram_search_fwdtree.c(1551):    20358 senones evaluated (160/fr)
INFO: ngram_search_fwdtree.c(1553):    10260 channels searched (80/fr), 1353 1st, 6789 last
INFO: ngram_search_fwdtree.c(1557):     1762 words for which last channels evaluated (13/fr)
INFO: ngram_search_fwdtree.c(1560):      721 candidate words for entering last phone (5/fr)
INFO: ngram_search_fwdtree.c(1562): fwdtree 0.08 CPU 0.063 xRT
INFO: ngram_search_fwdtree.c(1565): fwdtree 0.77 wall 0.607 xRT
INFO: cmn_prior.c(121): cmn_prior_update: from < 50.50 -2.38 -2.19  0.54 -0.99  0.61 -0.67  0.40 -0.51  0.28 -0.28  0.18 -0.20 >
INFO: cmn_prior.c(139): cmn_prior_update: to   < 50.39 -2.40 -2.19  0.53 -1.00  0.59 -0.66  0.41 -0.50  0.28 -0.28  0.18 -0.19 >
INFO: ngram_search_fwdtree.c(1549):     1399 words recognized (11/fr)
INFO: ngram_search_fwdtree.c(1551):    18786 senones evaluated (151/fr)
INFO: ngram_search_fwdtree.c(1553):     8600 channels searched (69/fr), 1320 1st, 5285 last
INFO: ngram_search_fwdtree.c(1557):     1713 words for which last channels evaluated (13/fr)
INFO: ngram_search_fwdtree.c(1560):      613 candidate words for entering last phone (4/fr)
INFO: ngram_search_fwdtree.c(1562): fwdtree 0.08 CPU 0.061 xRT
INFO: ngram_search_fwdtree.c(1565): fwdtree 0.74 wall 0.596 xRT
INFO: cmn_prior.c(121): cmn_prior_update: from < 50.39 -2.40 -2.19  0.53 -1.00  0.59 -0.66  0.41 -0.50  0.28 -0.28  0.18 -0.19 >
INFO: cmn_prior.c(139): cmn_prior_update: to   < 50.57 -2.42 -2.27  0.52 -1.02  0.56 -0.66  0.41 -0.51  0.29 -0.29  0.18 -0.18 >
INFO: ngram_search_fwdtree.c(1549):     1362 words recognized (12/fr)
INFO: ngram_search_fwdtree.c(1551):    19596 senones evaluated (166/fr)
INFO: ngram_search_fwdtree.c(1553):     9980 channels searched (84/fr), 1254 1st, 6776 last
INFO: ngram_search_fwdtree.c(1557):     1654 words for which last channels evaluated (14/fr)
INFO: ngram_search_fwdtree.c(1560):      688 candidate words for entering last phone (5/fr)
INFO: ngram_search_fwdtree.c(1562): fwdtree 0.07 CPU 0.061 xRT
INFO: ngram_search_fwdtree.c(1565): fwdtree 0.68 wall 0.575 xRT
INFO: cmn_prior.c(121): cmn_prior_update: from < 50.57 -2.42 -2.27  0.52 -1.02  0.56 -0.66  0.41 -0.51  0.29 -0.29  0.18 -0.18 >
INFO: cmn_prior.c(139): cmn_prior_update: to   < 50.57 -2.42 -2.27  0.52 -1.01  0.58 -0.65  0.44 -0.51  0.29 -0.28  0.19 -0.19 >
INFO: ngram_search_fwdtree.c(1549):     1292 words recognized (11/fr)
INFO: ngram_search_fwdtree.c(1551):    17924 senones evaluated (159/fr)
INFO: ngram_search_fwdtree.c(1553):     8853 channels searched (78/fr), 1199 1st, 5800 last
INFO: ngram_search_fwdtree.c(1557):     1582 words for which last channels evaluated (14/fr)
INFO: ngram_search_fwdtree.c(1560):      631 candidate words for entering last phone (5/fr)
INFO: ngram_search_fwdtree.c(1562): fwdtree 0.06 CPU 0.057 xRT
INFO: ngram_search_fwdtree.c(1565): fwdtree 0.63 wall 0.557 xRT
INFO: ngram_search_fwdtree.c(1549):     1287 words recognized (11/fr)
INFO: ngram_search_fwdtree.c(1551):    18833 senones evaluated (168/fr)
INFO: ngram_search_fwdtree.c(1553):     9402 channels searched (83/fr), 1188 1st, 6363 last
INFO: ngram_search_fwdtree.c(1557):     1568 words for which last channels evaluated (14/fr)
INFO: ngram_search_fwdtree.c(1560):      648 candidate words for entering last phone (5/fr)
INFO: ngram_search_fwdtree.c(1562): fwdtree 0.07 CPU 0.064 xRT
INFO: ngram_search_fwdtree.c(1565): fwdtree 0.66 wall 0.591 xRT
INFO: cmn_prior.c(121): cmn_prior_update: from < 50.50 -2.43 -2.27  0.52 -1.01  0.58 -0.65  0.45 -0.50  0.28 -0.29  0.19 -0.19 >
INFO: cmn_prior.c(139): cmn_prior_update: to   < 50.29 -2.44 -2.23  0.54 -1.00  0.62 -0.61  0.45 -0.49  0.29 -0.28  0.20 -0.15 >
INFO: ngram_search_fwdtree.c(1549):     1025 words recognized (11/fr)
INFO: ngram_search_fwdtree.c(1551):    12421 senones evaluated (135/fr)
INFO: ngram_search_fwdtree.c(1553):     5425 channels searched (58/fr), 968 1st, 2976 last
INFO: ngram_search_fwdtree.c(1557):     1220 words for which last channels evaluated (13/fr)
INFO: ngram_search_fwdtree.c(1560):      444 candidate words for entering last phone (4/fr)
INFO: ngram_search_fwdtree.c(1562): fwdtree 0.06 CPU 0.065 xRT
INFO: ngram_search_fwdtree.c(1565): fwdtree 0.55 wall 0.598 xRT
INFO: ngram_search_fwdtree.c(1549):     1209 words recognized (12/fr)
INFO: ngram_search_fwdtree.c(1551):    16908 senones evaluated (161/fr)
INFO: ngram_search_fwdtree.c(1553):     7955 channels searched (75/fr), 1111 1st, 5156 last
INFO: ngram_search_fwdtree.c(1557):     1471 words for which last channels evaluated (14/fr)
INFO: ngram_search_fwdtree.c(1560):      549 candidate words for entering last phone (5/fr)
INFO: ngram_search_fwdtree.c(1562): fwdtree 0.07 CPU 0.065 xRT
INFO: ngram_search_fwdtree.c(1565): fwdtree 0.59 wall 0.561 xRT
INFO: ngram_search_fwdtree.c(1549):     1202 words recognized (11/fr)
INFO: ngram_search_fwdtree.c(1551):    16302 senones evaluated (155/fr)
INFO: ngram_search_fwdtree.c(1553):     7563 channels searched (72/fr), 1111 1st, 4778 last
INFO: ngram_search_fwdtree.c(1557):     1451 words for which last channels evaluated (13/fr)
INFO: ngram_search_fwdtree.c(1560):      553 candidate words for entering last phone (5/fr)
INFO: ngram_search_fwdtree.c(1562): fwdtree 0.06 CPU 0.057 xRT
INFO: ngram_search_fwdtree.c(1565): fwdtree 0.59 wall 0.565 xRT
INFO: cmn_prior.c(121): cmn_prior_update: from < 50.02 -2.46 -2.21  0.50 -0.98  0.60 -0.62  0.45 -0.47  0.31 -0.28  0.21 -0.16 >
INFO: cmn_prior.c(139): cmn_prior_update: to   < 49.75 -2.62 -2.11  0.49 -0.98  0.60 -0.63  0.48 -0.45  0.31 -0.27  0.19 -0.16 >
INFO: ngram_search_fwdtree.c(1549):     1439 words recognized (12/fr)
INFO: ngram_search_fwdtree.c(1551):    20326 senones evaluated (164/fr)
INFO: ngram_search_fwdtree.c(1553):     9619 channels searched (77/fr), 1320 1st, 6263 last
INFO: ngram_search_fwdtree.c(1557):     1746 words for which last channels evaluated (14/fr)
INFO: ngram_search_fwdtree.c(1560):      662 candidate words for entering last phone (5/fr)
INFO: ngram_search_fwdtree.c(1562): fwdtree 0.08 CPU 0.068 xRT
INFO: ngram_search_fwdtree.c(1565): fwdtree 0.74 wall 0.598 xRT
INFO: ngram_search_fwdtree.c(1549):     1279 words recognized (11/fr)
INFO: ngram_search_fwdtree.c(1551):    18623 senones evaluated (166/fr)
INFO: ngram_search_fwdtree.c(1553):     9277 channels searched (82/fr), 1188 1st, 6218 last
INFO: ngram_search_fwdtree.c(1557):     1562 words for which last channels evaluated (13/fr)
INFO: ngram_search_fwdtree.c(1560):      656 candidate words for entering last phone (5/fr)
INFO: ngram_search_fwdtree.c(1562): fwdtree 0.08 CPU 0.068 xRT
INFO: ngram_search_fwdtree.c(1565): fwdtree 0.66 wall 0.589 xRT
INFO: cmn_prior.c(121): cmn_prior_update: from < 49.86 -2.58 -2.18  0.50 -0.98  0.59 -0.64  0.47 -0.46  0.31 -0.28  0.18 -0.18 >
INFO: cmn_prior.c(139): cmn_prior_update: to   < 49.65 -2.58 -2.18  0.51 -0.97  0.63 -0.63  0.47 -0.43  0.33 -0.27  0.18 -0.16 >
INFO: ngram_search_fwdtree.c(1549):     1205 words recognized (11/fr)
INFO: ngram_search_fwdtree.c(1551):    15694 senones evaluated (149/fr)
INFO: ngram_search_fwdtree.c(1553):     7563 channels searched (72/fr), 1111 1st, 4798 last
INFO: ngram_search_fwdtree.c(1557):     1459 words for which last channels evaluated (13/fr)
INFO: ngram_search_fwdtree.c(1560):      526 candidate words for entering last phone (5/fr)
INFO: ngram_search_fwdtree.c(1562): fwdtree 0.06 CPU 0.053 xRT
INFO: ngram_search_fwdtree.c(1565): fwdtree 0.55 wall 0.523 xRT
INFO: cmn_prior.c(121): cmn_prior_update: from < 49.65 -2.58 -2.18  0.51 -0.97  0.63 -0.63  0.47 -0.43  0.33 -0.27  0.18 -0.16 >
INFO: cmn_prior.c(139): cmn_prior_update: to   < 49.47 -2.61 -2.15  0.49 -0.99  0.62 -0.63  0.49 -0.42  0.34 -0.26  0.19 -0.17 >
INFO: ngram_search_fwdtree.c(1549):     1144 words recognized (11/fr)
INFO: ngram_search_fwdtree.c(1551):    13847 senones evaluated (134/fr)
INFO: ngram_search_fwdtree.c(1553):     6020 channels searched (58/fr), 1089 1st, 3330 last
INFO: ngram_search_fwdtree.c(1557):     1366 words for which last channels evaluated (13/fr)
INFO: ngram_search_fwdtree.c(1560):      468 candidate words for entering last phone (4/fr)
INFO: ngram_search_fwdtree.c(1562): fwdtree 0.03 CPU 0.031 xRT
INFO: ngram_search_fwdtree.c(1565): fwdtree 0.53 wall 0.515 xRT
[DEBUG] [WallTime: 1473936459.795631] [0.000000] init_node, name[/recognizer_cmd], pid[15087]
[DEBUG] [WallTime: 1473936459.795802] [0.000000] binding to 0.0.0.0 0
[DEBUG] [WallTime: 1473936459.795897] [0.000000] bound to 0.0.0.0 58370
[DEBUG] [WallTime: 1473936459.796075] [0.000000] ... service URL is rosrpc://bgumodo2:58370
[DEBUG] [WallTime: 1473936459.796196] [0.000000] [/recognizer_cmd/get_loggers]: new Service instance
[DEBUG] [WallTime: 1473936459.797068] [0.000000] ... service URL is rosrpc://bgumodo2:58370
[DEBUG] [WallTime: 1473936459.797176] [0.000000] [/recognizer_cmd/set_logger_level]: new Service instance
[INFO] [WallTime: 1473936459.799119] [0.000000] Launch config: gconfaudiosrc
[INFO] [WallTime: 1473936459.800431] [0.000000] Starting recognizer... 
[DEBUG] [WallTime: 1473936459.817515] [0.000000] connecting to bgumodo2 41416
[DEBUG] [WallTime: 1473936460.593053] [170.615000] ... service URL is rosrpc://bgumodo2:58370
[DEBUG] [WallTime: 1473936460.593299] [170.615000] [/recognizer_cmd/start]: new Service instance
[DEBUG] [WallTime: 1473936460.595277] [170.616000] ... service URL is rosrpc://bgumodo2:58370
[DEBUG] [WallTime: 1473936460.595988] [170.617000] [/recognizer_cmd/stop]: new Service instance
[DEBUG] [WallTime: 1473936503.153391] [212.060000] Partial: GO
[DEBUG] [WallTime: 1473936503.261394] [212.164000] Partial: KOMODO
[DEBUG] [WallTime: 1473936503.482321] [212.383000] Partial: KOMODO OF
[DEBUG] [WallTime: 1473936503.522866] [212.423000] Partial: KOMODO GO
[DEBUG] [WallTime: 1473936503.582679] [212.482000] Partial: KOMODO GET
[DEBUG] [WallTime: 1473936503.781614] [212.679000] Partial: KOMODO GET A
[DEBUG] [WallTime: 1473936503.891510] [212.787000] Partial: KOMODO GET A GO
[DEBUG] [WallTime: 1473936504.081758] [212.974000] Partial: KOMODO GET ME COFFEE
[INFO] [WallTime: 1473936504.702661] [213.580000] komodo get me coffee
[DEBUG] [WallTime: 1473936651.241516] [355.332000] Partial: A
[DEBUG] [WallTime: 1473936651.251758] [355.341000] Partial: OF
[INFO] [WallTime: 1473936651.692413] [355.765000] of
[DEBUG] [WallTime: 1473936780.303017] [47.559000] Partial: A
[DEBUG] [WallTime: 1473936821.344137] [86.859000] Partial: OF
[INFO] [WallTime: 1473936821.792034] [87.289000] of
[DEBUG] [WallTime: 1473936821.792426] [87.289000] ERROR: Broken Pipe
[DEBUG] [WallTime: 1473936821.793290] [87.290000] publisher connection to [/KomodoSpeech] terminated, see errorlog for details:
Traceback (most recent call last):
  File "/opt/ros/indigo/lib/python2.7/dist-packages/rospy/topics.py", line 1045, in publish
    c.write_data(data)
  File "/opt/ros/indigo/lib/python2.7/dist-packages/rospy/impl/tcpros_base.py", line 659, in write_data
    raise TransportTerminated(str(errno)+msg)
TransportTerminated: 32Broken pipe

[DEBUG] [WallTime: 1473936828.090398] [93.003000] connecting to bgumodo2 41416
[DEBUG] [WallTime: 1473936829.096651] [93.003000] connecting to bgumodo2 41416
